\BOOKMARK [0][-]{chapter.1}{Introduction}{}% 1
\BOOKMARK [1][-]{section.1.1}{Section heading}{chapter.1}% 2
\BOOKMARK [2][-]{subsection.1.1.1}{Lorem ipsum dolor sit amet, auctor et pulvinar non}{section.1.1}% 3
\BOOKMARK [1][-]{section.1.2}{Another section heading}{chapter.1}% 4
\BOOKMARK [2][-]{subsection.1.2.1}{Lorem ipsum dolor sit amet, consectetur adipiscing elit.}{section.1.2}% 5
\BOOKMARK [0][-]{chapter.2}{Enhanced Sampling}{}% 6
\BOOKMARK [0][-]{chapter.3}{Postprocessing}{}% 7
\BOOKMARK [1][-]{section.3.1}{Rigorous Methods}{chapter.3}% 8
\BOOKMARK [2][-]{subsection.3.1.1}{Thermodynamic Perturbation}{section.3.1}% 9
\BOOKMARK [2][-]{subsection.3.1.2}{Thermodynamic Integration}{section.3.1}% 10
\BOOKMARK [2][-]{subsection.3.1.3}{Bennett Acceptance Ratio}{section.3.1}% 11
\BOOKMARK [2][-]{subsection.3.1.4}{Weighted Histogram Analysis Method}{section.3.1}% 12
\BOOKMARK [2][-]{subsection.3.1.5}{Multistate Bennett Acceptance Ratio}{section.3.1}% 13
\BOOKMARK [2][-]{subsection.3.1.6}{Non-Equilibrium Work}{section.3.1}% 14
\BOOKMARK [1][-]{section.3.2}{Approximate Methods}{chapter.3}% 15
\BOOKMARK [2][-]{subsection.3.2.1}{Molecular Mechanics/Poisson-Boltzmann Surface Area}{section.3.2}% 16
\BOOKMARK [0][-]{section*.10}{Appendices}{}% 17
\BOOKMARK [0][-]{Appendix.a.A}{Optimal Means of Data Set}{}% 18
\BOOKMARK [0][-]{Appendix.a.B}{Statistical Uncertainty in the Estimator for Correlated Time Series Data}{}% 19
\BOOKMARK [0][-]{Appendix.a.C}{MBAR returns to BAR When Only Two States Are Considered}{}% 20
\BOOKMARK [0][-]{chapter*.11}{Bibliography}{}% 21
